<?xml version="1.0" encoding="UTF-8"?>
<!-- Generated by org.testng.reporters.JUnitXMLReporter -->
<testsuite hostname="Kuldeeps-MacBook-Air.local" ignored="0" name="Default test" tests="5" failures="0" timestamp="01 Feb 2020 14:44:59 GMT" time="28.314" errors="0">
  <testcase name="Login" time="5.059" classname="page.classes.SmokeTest"/>
  <testcase name="p2pChat" time="5.037" classname="page.classes.SmokeTest"/>
  <testcase name="SendFile" time="2.015" classname="page.classes.SmokeTest"/>
  <testcase name="Emoticon" time="0.019" classname="page.classes.SmokeTest"/>
  <testcase name="ReplyMessage" time="0.015" classname="page.classes.SmokeTest"/>
</testsuite> <!-- Default test -->
